Third_Lib_App/KPNS_Third_Lib5_ANDROID/proguard/seeds.txt
android.ktpns.hansol05.GCMIntentService
android.ktpns.hansol05.GCMIntentService: GCMIntentService()
android.ktpns.hansol05.MainActivity
android.ktpns.hansol05.MainActivity: MainActivity()
android.ktpns.hansol05.MainActivity: void onClick(android.view.View)
android.ktpns.hansol05.PushReceiver
android.ktpns.hansol05.PushReceiver: PushReceiver()
android.ktpns.hansol05.R$color: int black
android.ktpns.hansol05.R$color: int black_overlay
android.ktpns.hansol05.R$color: int gray
android.ktpns.hansol05.R$color: int gray_overlay
android.ktpns.hansol05.R$color: int white
android.ktpns.hansol05.R$dimen: int activity_horizontal_margin
android.ktpns.hansol05.R$dimen: int activity_vertical_margin
android.ktpns.hansol05.R$dimen: int app_list_height
android.ktpns.hansol05.R$drawable: int bg_list_black
android.ktpns.hansol05.R$drawable: int bg_title
android.ktpns.hansol05.R$drawable: int bg_title_sub
android.ktpns.hansol05.R$drawable: int bg_title_sub_sel
android.ktpns.hansol05.R$drawable: int bottom_area
android.ktpns.hansol05.R$drawable: int bottom_btn
android.ktpns.hansol05.R$drawable: int btn
android.ktpns.hansol05.R$drawable: int btn_focus
android.ktpns.hansol05.R$drawable: int btn_register
android.ktpns.hansol05.R$drawable: int btn_register_focus
android.ktpns.hansol05.R$drawable: int ic_launcher
android.ktpns.hansol05.R$drawable: int kpns_default_notice_symbol
android.ktpns.hansol05.R$drawable: int kpns_notification_small_image_blank
android.ktpns.hansol05.R$drawable: int kpns_r200_bg_popup_btn
android.ktpns.hansol05.R$drawable: int kpns_r200_bg_popup_contents
android.ktpns.hansol05.R$drawable: int kpns_r200_bg_popuptitle
android.ktpns.hansol05.R$drawable: int kpns_r200_popup_btn
android.ktpns.hansol05.R$drawable: int kpns_r200_popup_btp
android.ktpns.hansol05.R$drawable: int kpns_r200_popup_button
android.ktpns.hansol05.R$drawable: int kpns_r200_scroll_bar
android.ktpns.hansol05.R$drawable: int list_line
android.ktpns.hansol05.R$drawable: int register_btn
android.ktpns.hansol05.R$drawable: int tab_bg_selector
android.ktpns.hansol05.R$drawable: int xml_border
android.ktpns.hansol05.R$id: int appId
android.ktpns.hansol05.R$id: int app_name
android.ktpns.hansol05.R$id: int btnApply03
android.ktpns.hansol05.R$id: int btnApply04
android.ktpns.hansol05.R$id: int btnApply05
android.ktpns.hansol05.R$id: int btnApply06
android.ktpns.hansol05.R$id: int btnCheckClientInstall
android.ktpns.hansol05.R$id: int btnCheckClientRunning
android.ktpns.hansol05.R$id: int btnCheckStatus
android.ktpns.hansol05.R$id: int btnClear
android.ktpns.hansol05.R$id: int btnClearLog
android.ktpns.hansol05.R$id: int btnDbToSdcard
android.ktpns.hansol05.R$id: int btnError1
android.ktpns.hansol05.R$id: int btnError2
android.ktpns.hansol05.R$id: int btnError3
android.ktpns.hansol05.R$id: int btnFinish
android.ktpns.hansol05.R$id: int btnForceClose
android.ktpns.hansol05.R$id: int btnGetPushClientVersion
android.ktpns.hansol05.R$id: int btnLogLevel1
android.ktpns.hansol05.R$id: int btnLogLevel2
android.ktpns.hansol05.R$id: int btnLogLevel3
android.ktpns.hansol05.R$id: int btnLogLevel4
android.ktpns.hansol05.R$id: int btnLogLevel5
android.ktpns.hansol05.R$id: int btnPush
android.ktpns.hansol05.R$id: int btnRefresh
android.ktpns.hansol05.R$id: int btnRegister
android.ktpns.hansol05.R$id: int btnStartLib
android.ktpns.hansol05.R$id: int btnTokenRegister
android.ktpns.hansol05.R$id: int button_register_app
android.ktpns.hansol05.R$id: int checkDeveloper
android.ktpns.hansol05.R$id: int checkNetwork
...
com.ktpns.lib.nsrm.http.b
com.ktpns.lib.nsrm.http.b: int a
com.ktpns.lib.nsrm.http.b: b()
com.ktpns.lib.nsrm.http.b: b(int)
com.ktpns.lib.nsrm.http.b: int a()
com.ktpns.lib.nsrm.http.c
com.ktpns.lib.nsrm.http.c: javax.net.ssl.SSLContext a
com.ktpns.lib.nsrm.http.c: c(java.security.KeyStore)
com.ktpns.lib.nsrm.http.c: java.net.Socket createSocket(java.net.Socket,java.lang.String,int,boolean)
com.ktpns.lib.nsrm.http.c: java.net.Socket createSocket()
com.ktpns.lib.nsrm.http.d
com.ktpns.lib.nsrm.http.d: d()
com.ktpns.lib.nsrm.http.d: java.security.cert.X509Certificate[] getAcceptedIssuers()
com.ktpns.lib.nsrm.http.d: void checkClientTrusted(java.security.cert.X509Certificate[],java.lang.String)
com.ktpns.lib.nsrm.http.d: void checkServerTrusted(java.security.cert.X509Certificate[],java.lang.String)
com.ktpns.lib.nsrm.i
com.ktpns.lib.nsrm.i: i()
com.ktpns.lib.nsrm.i: java.lang.String toString()
com.ktpns.lib.nsrm.j
com.ktpns.lib.nsrm.j: j()
com.ktpns.lib.popup.GrantedPermission
com.ktpns.lib.popup.GrantedPermission: GrantedPermission()
com.ktpns.lib.popup.GrantedPermission: void onCreate(android.os.Bundle)
com.ktpns.lib.popup.GrantedPermission: void settingWidget()
com.ktpns.lib.popup.GrantedPermission: java.lang.String[] setRequestPermissions()
com.ktpns.lib.popup.GrantedPermission: void requestPermission()
com.ktpns.lib.popup.GrantedPermission: boolean getPermission(java.lang.String[],int[],java.lang.String)
com.ktpns.lib.popup.GrantedPermission: void onRequestPermissionsResult(int,java.lang.String[],int[])
com.ktpns.lib.popup.GrantedPermission: void onBackPressed()
com.ktpns.lib.popup.GrantedPermission: void access$0(com.ktpns.lib.popup.GrantedPermission)
com.ktpns.lib.popup.PopupActivity
com.ktpns.lib.popup.PopupActivity: android.widget.ImageView mNoticeIconView
com.ktpns.lib.popup.PopupActivity: android.widget.ImageView mNoticeIconBlankView
com.ktpns.lib.popup.PopupActivity: android.webkit.WebView mWebView
com.ktpns.lib.popup.PopupActivity: android.widget.Button mOkButton
com.ktpns.lib.popup.PopupActivity: android.widget.TextView mNoticeTitleView
com.ktpns.lib.popup.PopupActivity: PopupActivity()
com.ktpns.lib.popup.PopupActivity: void onCreate(android.os.Bundle)
com.ktpns.lib.popup.PopupActivity: void findView()
com.ktpns.lib.popup.PopupActivity: void initView(android.content.Intent)
com.ktpns.lib.popup.PopupActivity: void onPause()
com.ktpns.lib.popup.PopupActivity: void drawNoticeIcon(java.lang.String)
com.ktpns.lib.popup.PopupActivity: void onClick(android.view.View)
com.ktpns.lib.popup.PopupActivity: boolean onKeyDown(int,android.view.KeyEvent)
com.ktpns.lib.popup.PopupActivity: android.widget.ImageView access$0(com.ktpns.lib.popup.PopupActivity)
com.ktpns.lib.popup.PopupActivity: android.widget.ImageView access$1(com.ktpns.lib.popup.PopupActivity)
com.ktpns.lib.popup.PopupUtil
com.ktpns.lib.popup.PopupUtil: PopupUtil()
com.ktpns.lib.popup.PopupUtil: void createNotification(android.content.Context,com.ktpns.lib.net.data.PushRequest,android.graphics.Bitmap,android.graphics.Bitmap)
com.ktpns.lib.popup.PopupUtil: void createAdaptiveNotification(android.content.Context,com.ktpns.lib.net.data.AdaptivePushRequest,android.graphics.Bitmap,android.graphics.Bitmap)
com.ktpns.lib.popup.PopupUtil: void createAdaptiveNotification(android.content.Context,com.ktpns.lib.net.data.GCMPushData,android.graphics.Bitmap,android.graphics.Bitmap)
com.ktpns.lib.popup.PopupUtil: android.content.Intent createIntent(android.content.Context,java.lang.String,java.lang.String,java.lang.String)
com.ktpns.lib.popup.a
com.ktpns.lib.popup.a: com.ktpns.lib.popup.GrantedPermission a
com.ktpns.lib.popup.a: a(com.ktpns.lib.popup.GrantedPermission)
com.ktpns.lib.popup.a: void onClick(android.view.View)