Third_Lib_App/KPNS_Third_Lib5_ANDROID/proguard/mapping.txt
android.ktpns.hansol05.GCMIntentService -> android.ktpns.hansol05.GCMIntentService:
    void onError(android.content.Context,java.lang.String) -> onError
    void onMessage(android.content.Context,android.content.Intent) -> onMessage
    void onRegistered(android.content.Context,java.lang.String) -> onRegistered
    void onUnregistered(android.content.Context,java.lang.String) -> onUnregistered
android.ktpns.hansol05.LogCursorAdapter -> android.ktpns.hansol05.a:
    java.text.SimpleDateFormat timeFormat -> a
    java.text.SimpleDateFormat dateFormat -> b
    android.content.Context mContext -> c
    java.util.ArrayList mList -> d
    void setViewHolder(android.ktpns.hansol05.LogCursorAdapter$ViewHolder,int) -> a
    java.lang.CharSequence printTime(long) -> a
    java.lang.CharSequence printDate(long) -> b
    void setList(java.util.ArrayList) -> a
    int getCount() -> getCount
    com.ktpns.lib.database.data.DataMsgLog getItem(int) -> a
    long getItemId(int) -> getItemId
    android.view.View getView(int,android.view.View,android.view.ViewGroup) -> getView
    java.lang.Object getItem(int) -> getItem
android.ktpns.hansol05.LogCursorAdapter$ViewHolder -> android.ktpns.hansol05.a$a:
    android.widget.TextView item1 -> a
    android.widget.TextView item2 -> b
    android.widget.TextView item3 -> c
    android.widget.TextView itemLog -> d
    android.ktpns.hansol05.LogCursorAdapter this$0 -> e
android.ktpns.hansol05.MainActivity -> android.ktpns.hansol05.MainActivity:
    android.widget.TextView textResult -> a
    java.lang.StringBuilder messageBuilder -> b
    android.ktpns.hansol05.MainActivity$WeakHandler mHandler -> c
    void onCreate(android.os.Bundle) -> onCreate
    boolean isAdminUser(android.content.Context) -> a
    void checkUser() -> a
    void onResume() -> onResume
    void onClick(android.view.View) -> onClick
    void onDestroy() -> onDestroy
    void appendString(java.lang.String) -> a
    void handleMessage(android.os.Message) -> a
    void access$0(android.ktpns.hansol05.MainActivity,android.os.Message) -> a
android.ktpns.hansol05.MainActivity$1 -> android.ktpns.hansol05.b:
    android.ktpns.hansol05.MainActivity this$0 -> a
    void onSuccessInitialize(com.ktpns.lib.KPNSApis) -> onSuccessInitialize
    void onFailInitialize() -> onFailInitialize
android.ktpns.hansol05.MainActivity$2 -> android.ktpns.hansol05.c:
    android.ktpns.hansol05.MainActivity this$0 -> a
    void onSuccessInitialize(com.ktpns.lib.KPNSApis) -> onSuccessInitialize
    void onFailInitialize() -> onFailInitialize
android.ktpns.hansol05.MainActivity$WeakHandler -> android.ktpns.hansol05.MainActivity$a:
    java.lang.ref.WeakReference mSections -> a
    void handleMessage(android.os.Message) -> handleMessage
android.ktpns.hansol05.PushReceiver -> android.ktpns.hansol05.PushReceiver:
    android.os.Handler mHandler -> a
    int messageId -> b
    void onReceive(android.content.Context,android.content.Intent) -> onReceive
    void dumpIntent(android.content.Intent) -> a
    void sendMessage(java.lang.String) -> a
    void setHandler(android.os.Handler) -> a
    void setPushNotification(android.content.Context,int,java.lang.String) -> a
...
org.jboss.netty.channel.socket.oio.OioClientSocketPipelineSink$1 -> org.jboss.netty.channel.socket.oio.OioClientSocketPipelineSink$1:
    int[] $SwitchMap$org$jboss$netty$channel$ChannelState -> $SwitchMap$org$jboss$netty$channel$ChannelState
org.jboss.netty.channel.socket.oio.OioDatagramChannel -> org.jboss.netty.channel.socket.oio.OioDatagramChannel:
    java.net.MulticastSocket socket -> socket
    org.jboss.netty.channel.socket.DatagramChannelConfig config -> config
    org.jboss.netty.channel.socket.DatagramChannelConfig getConfig() -> getConfig
    org.jboss.netty.channel.ChannelFuture joinGroup(java.net.InetAddress) -> joinGroup
    org.jboss.netty.channel.ChannelFuture joinGroup(java.net.InetSocketAddress,java.net.NetworkInterface) -> joinGroup
    void ensureBound() -> ensureBound
    org.jboss.netty.channel.ChannelFuture leaveGroup(java.net.InetAddress) -> leaveGroup
    org.jboss.netty.channel.ChannelFuture leaveGroup(java.net.InetSocketAddress,java.net.NetworkInterface) -> leaveGroup
    boolean isSocketBound() -> isSocketBound
    boolean isSocketConnected() -> isSocketConnected
    java.net.InetSocketAddress getLocalSocketAddress() -> getLocalSocketAddress
    java.net.InetSocketAddress getRemoteSocketAddress() -> getRemoteSocketAddress
    void closeSocket() -> closeSocket
    boolean isSocketClosed() -> isSocketClosed
    org.jboss.netty.channel.ChannelConfig getConfig() -> getConfig
org.jboss.netty.channel.socket.oio.OioDatagramChannelFactory -> org.jboss.netty.channel.socket.oio.OioDatagramChannelFactory:
    java.util.concurrent.Executor workerExecutor -> workerExecutor
    org.jboss.netty.channel.socket.oio.OioDatagramPipelineSink sink -> sink
    boolean shutdownExecutor -> shutdownExecutor
    org.jboss.netty.channel.socket.DatagramChannel newChannel(org.jboss.netty.channel.ChannelPipeline) -> newChannel
    void shutdown() -> shutdown
    void releaseExternalResources() -> releaseExternalResources
    org.jboss.netty.channel.Channel newChannel(org.jboss.netty.channel.ChannelPipeline) -> newChannel
org.jboss.netty.channel.socket.oio.OioDatagramPipelineSink -> org.jboss.netty.channel.socket.oio.OioDatagramPipelineSink:
    java.util.concurrent.Executor workerExecutor -> workerExecutor
    org.jboss.netty.util.ThreadNameDeterminer determiner -> determiner
    void eventSunk(org.jboss.netty.channel.ChannelPipeline,org.jboss.netty.channel.ChannelEvent) -> eventSunk
    void bind(org.jboss.netty.channel.socket.oio.OioDatagramChannel,org.jboss.netty.channel.ChannelFuture,java.net.SocketAddress) -> bind
    void connect(org.jboss.netty.channel.socket.oio.OioDatagramChannel,org.jboss.netty.channel.ChannelFuture,java.net.SocketAddress) -> connect
org.jboss.netty.channel.socket.oio.OioDatagramPipelineSink$1 -> org.jboss.netty.channel.socket.oio.OioDatagramPipelineSink$1:
    int[] $SwitchMap$org$jboss$netty$channel$ChannelState -> $SwitchMap$org$jboss$netty$channel$ChannelState
org.jboss.netty.channel.socket.oio.OioDatagramWorker -> org.jboss.netty.channel.socket.oio.OioDatagramWorker:
    boolean process() -> process
    void write(org.jboss.netty.channel.socket.oio.OioDatagramChannel,org.jboss.netty.channel.ChannelFuture,java.lang.Object,java.net.SocketAddress) -> write
    void disconnect(org.jboss.netty.channel.socket.oio.OioDatagramChannel,org.jboss.netty.channel.ChannelFuture) -> disconnect